<?xml version="1.0" encoding="UTF-8"?>
<testng-results ignored="0" total="2" passed="2" failed="0" skipped="0">
  <reporter-output>
  </reporter-output>
  <suite started-at="2022-03-08T00:02:27 EST" name="Default suite" finished-at="2022-03-08T00:02:29 EST" duration-ms="2279">
    <groups>
    </groups>
    <test started-at="2022-03-08T00:02:27 EST" name="Default test" finished-at="2022-03-08T00:02:29 EST" duration-ms="2279">
      <class name="authenticationAndAuthorization.OAuth2">
        <test-method signature="accessInvalidAPI()[pri:0, instance:authenticationAndAuthorization.OAuth2@10e41621]" started-at="2022-03-08T00:02:27 EST" name="accessInvalidAPI" finished-at="2022-03-08T00:02:29 EST" duration-ms="1903" status="PASS">
          <reporter-output>
          </reporter-output>
        </test-method> <!-- accessInvalidAPI -->
        <test-method signature="accessValidAPI()[pri:0, instance:authenticationAndAuthorization.OAuth2@10e41621]" started-at="2022-03-08T00:02:29 EST" name="accessValidAPI" finished-at="2022-03-08T00:02:29 EST" duration-ms="349" status="PASS">
          <reporter-output>
          </reporter-output>
        </test-method> <!-- accessValidAPI -->
      </class> <!-- authenticationAndAuthorization.OAuth2 -->
    </test> <!-- Default test -->
  </suite> <!-- Default suite -->
</testng-results>
