<?xml version="1.0" encoding="UTF-8"?>
<testng-results ignored="0" total="1" passed="1" failed="0" skipped="0">
  <reporter-output>
  </reporter-output>
  <suite started-at="2022-03-07T00:42:46 EST" name="Default suite" finished-at="2022-03-07T00:42:48 EST" duration-ms="2146">
    <groups>
    </groups>
    <test started-at="2022-03-07T00:42:46 EST" name="Default test" finished-at="2022-03-07T00:42:48 EST" duration-ms="2146">
      <class name="httpRequests.JSONSchemaValidator">
        <test-method signature="getJSONSchemaValidation()[pri:0, instance:httpRequests.JSONSchemaValidator@13e39c73]" started-at="2022-03-07T00:42:46 EST" name="getJSONSchemaValidation" finished-at="2022-03-07T00:42:48 EST" duration-ms="2110" status="PASS">
          <reporter-output>
          </reporter-output>
        </test-method> <!-- getJSONSchemaValidation -->
      </class> <!-- httpRequests.JSONSchemaValidator -->
    </test> <!-- Default test -->
  </suite> <!-- Default suite -->
</testng-results>
